[2025-06-26 11:14:04.830] [info] Loaded model RajagopalModifiedGeneric from file ../../templates\RajagopalModified_generic_copy_with_bone_markers.osim
[2025-06-26 11:14:04.832] [warning] Couldn't find file 'r_pelvis.vtp'.
[2025-06-26 11:14:04.832] [warning] Couldn't find file 'l_pelvis.vtp'.
[2025-06-26 11:14:04.832] [warning] Couldn't find file 'sacrum.vtp'.
[2025-06-26 11:14:04.833] [warning] Couldn't find file 'r_femur.vtp'.
[2025-06-26 11:14:04.833] [warning] Couldn't find file 'r_tibia.vtp'.
[2025-06-26 11:14:04.833] [warning] Couldn't find file 'r_fibula.vtp'.
[2025-06-26 11:14:04.833] [warning] Couldn't find file 'r_patella.vtp'.
[2025-06-26 11:14:04.833] [warning] Couldn't find file 'r_talus.vtp'.
[2025-06-26 11:14:04.833] [warning] Couldn't find file 'r_foot.vtp'.
[2025-06-26 11:14:04.834] [warning] Couldn't find file 'r_bofoot.vtp'.
[2025-06-26 11:14:04.834] [warning] Couldn't find file 'l_femur.vtp'.
[2025-06-26 11:14:04.834] [warning] Couldn't find file 'l_tibia.vtp'.
[2025-06-26 11:14:04.834] [warning] Couldn't find file 'l_fibula.vtp'.
[2025-06-26 11:14:04.834] [warning] Couldn't find file 'l_patella.vtp'.
[2025-06-26 11:14:04.834] [warning] Couldn't find file 'l_talus.vtp'.
[2025-06-26 11:14:04.834] [warning] Couldn't find file 'l_foot.vtp'.
[2025-06-26 11:14:04.835] [warning] Couldn't find file 'l_bofoot.vtp'.
[2025-06-26 11:14:04.835] [warning] Couldn't find file 'hat_spine.vtp'.
[2025-06-26 11:14:04.835] [warning] Couldn't find file 'hat_jaw.vtp'.
[2025-06-26 11:14:04.835] [warning] Couldn't find file 'hat_skull.vtp'.
[2025-06-26 11:14:04.835] [warning] Couldn't find file 'hat_ribs_scap.vtp'.
[2025-06-26 11:14:04.970] [info] Loaded model RajagopalModifiedGeneric from file ../../templates\RajagopalModified_generic_copy.osim
[2025-06-26 11:14:04.972] [warning] Couldn't find file 'r_pelvis.vtp'.
[2025-06-26 11:14:04.972] [warning] Couldn't find file 'l_pelvis.vtp'.
[2025-06-26 11:14:04.972] [warning] Couldn't find file 'sacrum.vtp'.
[2025-06-26 11:14:04.972] [warning] Couldn't find file 'r_femur.vtp'.
[2025-06-26 11:14:04.972] [warning] Couldn't find file 'r_tibia.vtp'.
[2025-06-26 11:14:04.972] [warning] Couldn't find file 'r_fibula.vtp'.
[2025-06-26 11:14:04.972] [warning] Couldn't find file 'r_patella.vtp'.
[2025-06-26 11:14:04.972] [warning] Couldn't find file 'r_talus.vtp'.
[2025-06-26 11:14:04.972] [warning] Couldn't find file 'r_foot.vtp'.
[2025-06-26 11:14:04.973] [warning] Couldn't find file 'r_bofoot.vtp'.
[2025-06-26 11:14:04.973] [warning] Couldn't find file 'l_femur.vtp'.
[2025-06-26 11:14:04.973] [warning] Couldn't find file 'l_tibia.vtp'.
[2025-06-26 11:14:04.973] [warning] Couldn't find file 'l_fibula.vtp'.
[2025-06-26 11:14:04.973] [warning] Couldn't find file 'l_patella.vtp'.
[2025-06-26 11:14:04.973] [warning] Couldn't find file 'l_talus.vtp'.
[2025-06-26 11:14:04.973] [warning] Couldn't find file 'l_foot.vtp'.
[2025-06-26 11:14:04.973] [warning] Couldn't find file 'l_bofoot.vtp'.
[2025-06-26 11:14:04.973] [warning] Couldn't find file 'hat_spine.vtp'.
[2025-06-26 11:14:04.974] [warning] Couldn't find file 'hat_jaw.vtp'.
[2025-06-26 11:14:04.974] [warning] Couldn't find file 'hat_skull.vtp'.
[2025-06-26 11:14:04.974] [warning] Couldn't find file 'hat_ribs_scap.vtp'.
[2025-06-26 19:47:35.436] [info] Loaded model RajagopalModifiedGeneric from file ../../templates\RajagopalModified_generic_copy_with_bone_markers.osim
[2025-06-26 19:47:35.438] [warning] Couldn't find file 'r_pelvis.vtp'.
[2025-06-26 19:47:35.438] [warning] Couldn't find file 'l_pelvis.vtp'.
[2025-06-26 19:47:35.438] [warning] Couldn't find file 'sacrum.vtp'.
[2025-06-26 19:47:35.438] [warning] Couldn't find file 'r_femur.vtp'.
[2025-06-26 19:47:35.439] [warning] Couldn't find file 'r_tibia.vtp'.
[2025-06-26 19:47:35.439] [warning] Couldn't find file 'r_fibula.vtp'.
[2025-06-26 19:47:35.439] [warning] Couldn't find file 'r_patella.vtp'.
[2025-06-26 19:47:35.439] [warning] Couldn't find file 'r_talus.vtp'.
[2025-06-26 19:47:35.439] [warning] Couldn't find file 'r_foot.vtp'.
[2025-06-26 19:47:35.439] [warning] Couldn't find file 'r_bofoot.vtp'.
[2025-06-26 19:47:35.439] [warning] Couldn't find file 'l_femur.vtp'.
[2025-06-26 19:47:35.439] [warning] Couldn't find file 'l_tibia.vtp'.
[2025-06-26 19:47:35.440] [warning] Couldn't find file 'l_fibula.vtp'.
[2025-06-26 19:47:35.440] [warning] Couldn't find file 'l_patella.vtp'.
[2025-06-26 19:47:35.440] [warning] Couldn't find file 'l_talus.vtp'.
[2025-06-26 19:47:35.440] [warning] Couldn't find file 'l_foot.vtp'.
[2025-06-26 19:47:35.440] [warning] Couldn't find file 'l_bofoot.vtp'.
[2025-06-26 19:47:35.440] [warning] Couldn't find file 'hat_spine.vtp'.
[2025-06-26 19:47:35.440] [warning] Couldn't find file 'hat_jaw.vtp'.
[2025-06-26 19:47:35.440] [warning] Couldn't find file 'hat_skull.vtp'.
[2025-06-26 19:47:35.440] [warning] Couldn't find file 'hat_ribs_scap.vtp'.
[2025-06-26 19:47:35.545] [info] Loaded model RajagopalModifiedGeneric from file ../../templates\RajagopalModified_generic_copy.osim
[2025-06-26 19:47:35.546] [warning] Couldn't find file 'r_pelvis.vtp'.
[2025-06-26 19:47:35.546] [warning] Couldn't find file 'l_pelvis.vtp'.
[2025-06-26 19:47:35.546] [warning] Couldn't find file 'sacrum.vtp'.
[2025-06-26 19:47:35.547] [warning] Couldn't find file 'r_femur.vtp'.
[2025-06-26 19:47:35.547] [warning] Couldn't find file 'r_tibia.vtp'.
[2025-06-26 19:47:35.547] [warning] Couldn't find file 'r_fibula.vtp'.
[2025-06-26 19:47:35.547] [warning] Couldn't find file 'r_patella.vtp'.
[2025-06-26 19:47:35.547] [warning] Couldn't find file 'r_talus.vtp'.
[2025-06-26 19:47:35.547] [warning] Couldn't find file 'r_foot.vtp'.
[2025-06-26 19:47:35.547] [warning] Couldn't find file 'r_bofoot.vtp'.
[2025-06-26 19:47:35.547] [warning] Couldn't find file 'l_femur.vtp'.
[2025-06-26 19:47:35.547] [warning] Couldn't find file 'l_tibia.vtp'.
[2025-06-26 19:47:35.547] [warning] Couldn't find file 'l_fibula.vtp'.
[2025-06-26 19:47:35.547] [warning] Couldn't find file 'l_patella.vtp'.
[2025-06-26 19:47:35.548] [warning] Couldn't find file 'l_talus.vtp'.
[2025-06-26 19:47:35.548] [warning] Couldn't find file 'l_foot.vtp'.
[2025-06-26 19:47:35.548] [warning] Couldn't find file 'l_bofoot.vtp'.
[2025-06-26 19:47:35.548] [warning] Couldn't find file 'hat_spine.vtp'.
[2025-06-26 19:47:35.548] [warning] Couldn't find file 'hat_jaw.vtp'.
[2025-06-26 19:47:35.548] [warning] Couldn't find file 'hat_skull.vtp'.
[2025-06-26 19:47:35.548] [warning] Couldn't find file 'hat_ribs_scap.vtp'.
